[11:28:29] [main/INFO]: Logging in with username & password
[11:28:33] [Client thread/INFO]: Setting user: MaxweII
[11:28:35] [Client thread/INFO]: LWJGL Version: 2.9.1
[11:28:39] [Client thread/INFO]: Reloading ResourceManager: Default, FMLFileResourcePack:Forge Mod Loader, FMLFileResourcePack:Minecraft Forge, FMLFileResourcePack:Zombie
[11:28:39] [Sound Library Loader/INFO]: Starting up SoundSystem...
[11:28:39] [Thread-9/INFO]: Initializing LWJGL OpenAL
[11:28:39] [Thread-9/INFO]: (The LWJGL binding of OpenAL.  For more information, see http://www.lwjgl.org)
[11:28:39] [Thread-9/INFO]: OpenAL initialized.
[11:28:40] [Sound Library Loader/INFO]: Sound engine started
[11:28:44] [Client thread/INFO]: Created: 512x512 textures-atlas
[11:28:45] [Client thread/INFO]: Reloading ResourceManager: Default, FMLFileResourcePack:Forge Mod Loader, FMLFileResourcePack:Minecraft Forge, FMLFileResourcePack:Zombie
[11:28:45] [Client thread/INFO]: SoundSystem shutting down...
[11:28:45] [Client thread/WARN]: Author: Paul Lamb, www.paulscode.com
[11:28:45] [Sound Library Loader/INFO]: Starting up SoundSystem...
[11:28:45] [Thread-11/INFO]: Initializing LWJGL OpenAL
[11:28:45] [Thread-11/INFO]: (The LWJGL binding of OpenAL.  For more information, see http://www.lwjgl.org)
[11:28:45] [Thread-11/INFO]: OpenAL initialized.
[11:28:46] [Sound Library Loader/INFO]: Sound engine started
[11:28:47] [Client thread/INFO]: Created: 512x512 textures-atlas
[11:28:52] [Client thread/INFO]: Deleting level New World
[11:28:52] [Client thread/INFO]: Attempt 1...
[11:28:58] [Server thread/INFO]: Starting integrated minecraft server version 1.8
[11:28:58] [Server thread/INFO]: Generating keypair
[11:28:58] [Server thread/INFO]: Converting map!
[11:28:58] [Server thread/INFO]: Scanning folders...
[11:28:58] [Server thread/INFO]: Total conversion count is 0
[11:28:59] [Server thread/INFO]: Preparing start region for level 0
[11:29:00] [Server thread/INFO]: Changing view distance to 12, from 10
[11:29:01] [Server thread/INFO]: MaxweII[local:E:2b766c28] logged in with entity id 15 at (903.5, 4.0, 545.5)
[11:29:01] [Server thread/INFO]: MaxweII joined the game
[11:29:04] [Server thread/INFO]: MaxweII has just earned the achievement [Taking Inventory]
[11:29:04] [Client thread/INFO]: [CHAT] MaxweII has just earned the achievement [Taking Inventory]
[11:30:52] [Server thread/INFO]: [MaxweII: Set the time to 13000]
[11:30:52] [Client thread/INFO]: [CHAT] Set the time to 13000
[11:30:57] [Server thread/INFO]: [MaxweII: Added 3600 to the time]
[11:30:57] [Client thread/INFO]: [CHAT] Added 3600 to the time
[11:31:08] [Server thread/INFO]: [MaxweII: Set own game mode to Survival Mode]
[11:31:08] [Client thread/INFO]: [CHAT] Your game mode has been updated
[11:32:17] [Server thread/INFO]: MaxweII was slain by entity.zombie.maxzombie.name
[11:32:17] [Client thread/INFO]: [CHAT] MaxweII was slain by entity.zombie.maxzombie.name
[11:32:34] [Server thread/INFO]: MaxweII was slain by entity.zombie.maxzombie.name
[11:32:34] [Client thread/INFO]: [CHAT] MaxweII was slain by entity.zombie.maxzombie.name
[11:33:10] [Server thread/INFO]: MaxweII was slain by entity.zombie.maxzombie.name
[11:33:10] [Client thread/INFO]: [CHAT] MaxweII was slain by entity.zombie.maxzombie.name
[11:33:17] [Server thread/INFO]: MaxweII was slain by entity.zombie.maxzombie.name
[11:33:17] [Client thread/INFO]: [CHAT] MaxweII was slain by entity.zombie.maxzombie.name
[11:33:28] [Server thread/INFO]: MaxweII was slain by entity.zombie.maxzombie.name
[11:33:28] [Client thread/INFO]: [CHAT] MaxweII was slain by entity.zombie.maxzombie.name
[11:33:33] [Server thread/INFO]: [MaxweII: Set own game mode to Creative Mode]
[11:33:33] [Client thread/INFO]: [CHAT] Your game mode has been updated
[11:34:30] [Server thread/INFO]: [MaxweII: Set own game mode to Survival Mode]
[11:34:30] [Client thread/INFO]: [CHAT] Your game mode has been updated
[11:36:03] [Server thread/INFO]: [MaxweII: Set the time to 0]
[11:36:03] [Client thread/INFO]: [CHAT] Set the time to 0
[11:38:51] [Server thread/INFO]: [MaxweII: Set own game mode to Creative Mode]
[11:38:51] [Client thread/INFO]: [CHAT] Your game mode has been updated
[11:39:21] [Server thread/INFO]: [MaxweII: Set own game mode to Survival Mode]
[11:39:21] [Client thread/INFO]: [CHAT] Your game mode has been updated
[11:39:39] [Client thread/INFO]: [CHAT] Unknown command. Try /help for a list of commands
[11:39:43] [Server thread/INFO]: [MaxweII: Set own game mode to Creative Mode]
[11:39:43] [Client thread/INFO]: [CHAT] Your game mode has been updated
[11:40:04] [Server thread/INFO]: [MaxweII: Set own game mode to Survival Mode]
[11:40:04] [Client thread/INFO]: [CHAT] Your game mode has been updated
[11:41:06] [Server thread/INFO]: Saving and pausing game...
[11:41:06] [Server thread/INFO]: Saving chunks for level 'New World'/Overworld
[11:41:06] [Server thread/INFO]: Saving chunks for level 'New World'/Nether
[11:41:06] [Server thread/INFO]: Saving chunks for level 'New World'/The End
[11:41:07] [Server thread/INFO]: Stopping server
[11:41:07] [Server thread/INFO]: Saving players
[11:41:07] [Server thread/INFO]: Saving worlds
[11:41:07] [Server thread/INFO]: Saving chunks for level 'New World'/Overworld
[11:41:07] [Server thread/INFO]: Saving chunks for level 'New World'/Nether
[11:41:07] [Server thread/INFO]: Saving chunks for level 'New World'/The End
[11:41:16] [Client thread/INFO]: Stopping!
[11:41:16] [Client thread/INFO]: SoundSystem shutting down...
[11:41:16] [Client thread/WARN]: Author: Paul Lamb, www.paulscode.com
